+-------------+----------+--------------+----------------+----------------+--------------+----------------+
| bin name    | domain   |   confidence |   % completion |   % redundancy |   num_splits |   total length |
+=============+==========+==============+================+================+==============+================+
| METABAT__29 | BACTERIA |          0.7 |          73.24 |          23.94 |          365 |        1869967 |
+-------------+----------+--------------+----------------+----------------+--------------+----------------+
| METABAT__10 | BACTERIA |            1 |          97.18 |           2.82 |          124 |        2299418 |
+-------------+----------+--------------+----------------+----------------+--------------+----------------+
| METABAT__34 | BACTERIA |          0.6 |          59.15 |          15.49 |          127 |         503777 |
+-------------+----------+--------------+----------------+----------------+--------------+----------------+
| METABAT__44 | BACTERIA |            1 |          92.96 |           2.82 |          216 |        1664094 |
+-------------+----------+--------------+----------------+----------------+--------------+----------------+
| METABAT__36 | BACTERIA |          0.8 |          73.24 |           8.45 |          223 |        1468133 |
+-------------+----------+--------------+----------------+----------------+--------------+----------------+
| METABAT__38 | BACTERIA |            1 |          88.73 |           1.41 |          241 |        1690667 |
+-------------+----------+--------------+----------------+----------------+--------------+----------------+
| METABAT__45 | BACTERIA |          0.9 |          85.92 |              0 |          177 |        1387017 |
+-------------+----------+--------------+----------------+----------------+--------------+----------------+
| METABAT__26 | BACTERIA |          0.3 |          43.66 |              0 |          353 |        1655566 |
+-------------+----------+--------------+----------------+----------------+--------------+----------------+
| METABAT__2  | BACTERIA |          0.6 |          56.34 |           1.41 |          240 |        1063786 |
+-------------+----------+--------------+----------------+----------------+--------------+----------------+
| METABAT__1  | BACTERIA |            1 |          94.37 |              0 |          166 |        1823181 |
+-------------+----------+--------------+----------------+----------------+--------------+----------------+
| METABAT__28 | BACTERIA |          0.9 |          85.92 |              0 |           92 |         899615 |
+-------------+----------+--------------+----------------+----------------+--------------+----------------+
| METABAT__24 | BACTERIA |          0.9 |          92.96 |           4.23 |          222 |        2928931 |
+-------------+----------+--------------+----------------+----------------+--------------+----------------+
| METABAT__7  | BACTERIA |          0.9 |          92.96 |           2.82 |          241 |        1730119 |
+-------------+----------+--------------+----------------+----------------+--------------+----------------+
| METABAT__37 | BACTERIA |          0.6 |          67.61 |           1.41 |          102 |        2053468 |
+-------------+----------+--------------+----------------+----------------+--------------+----------------+
| METABAT__40 | ARCHAEA  |          0.3 |          38.16 |              0 |          135 |         443275 |
+-------------+----------+--------------+----------------+----------------+--------------+----------------+
| METABAT__5  | BACTERIA |          0.6 |          64.79 |           2.82 |          247 |        1304724 |
+-------------+----------+--------------+----------------+----------------+--------------+----------------+
| METABAT__14 | BACTERIA |          0.9 |          91.55 |           1.41 |          185 |        2129312 |
+-------------+----------+--------------+----------------+----------------+--------------+----------------+
| METABAT__18 | BACTERIA |            1 |          95.77 |           2.82 |          285 |        1941054 |
+-------------+----------+--------------+----------------+----------------+--------------+----------------+
| METABAT__16 | BACTERIA |          0.9 |          77.46 |              0 |          131 |         612155 |
+-------------+----------+--------------+----------------+----------------+--------------+----------------+
| METABAT__42 | BACTERIA |            1 |          92.96 |           4.23 |           95 |        1975851 |
+-------------+----------+--------------+----------------+----------------+--------------+----------------+
| METABAT__32 | BACTERIA |            1 |          97.18 |              0 |          131 |        2067513 |
+-------------+----------+--------------+----------------+----------------+--------------+----------------+
| METABAT__23 | ARCHAEA  |          0.3 |          48.68 |           9.21 |          353 |        1317425 |
+-------------+----------+--------------+----------------+----------------+--------------+----------------+
| METABAT__35 | BACTERIA |          0.9 |          90.14 |           4.23 |          262 |        2194682 |
+-------------+----------+--------------+----------------+----------------+--------------+----------------+
| METABAT__20 | BACTERIA |          0.3 |          26.76 |           1.41 |          133 |         444610 |
+-------------+----------+--------------+----------------+----------------+--------------+----------------+
| METABAT__43 | BACTERIA |          0.9 |          84.51 |           4.23 |          267 |        1809934 |
+-------------+----------+--------------+----------------+----------------+--------------+----------------+
| METABAT__6  | BACTERIA |          0.5 |          38.03 |           1.41 |          100 |         335414 |
+-------------+----------+--------------+----------------+----------------+--------------+----------------+
| METABAT__8  | BACTERIA |          0.7 |          74.65 |           2.82 |          302 |        2090704 |
+-------------+----------+--------------+----------------+----------------+--------------+----------------+
| METABAT__41 | BACTERIA |          0.7 |          71.83 |              0 |          257 |        1383210 |
+-------------+----------+--------------+----------------+----------------+--------------+----------------+
| METABAT__27 | BACTERIA |          0.9 |          88.73 |           1.41 |          187 |        1503960 |
+-------------+----------+--------------+----------------+----------------+--------------+----------------+
| METABAT__19 | BACTERIA |          0.2 |          23.94 |              0 |           56 |         284236 |
+-------------+----------+--------------+----------------+----------------+--------------+----------------+
| METABAT__33 | BLANK    |            1 |              0 |              0 |           46 |         250267 |
+-------------+----------+--------------+----------------+----------------+--------------+----------------+
| METABAT__12 | BACTERIA |            1 |          90.14 |              0 |          108 |        2111266 |
+-------------+----------+--------------+----------------+----------------+--------------+----------------+
| METABAT__39 | BACTERIA |          0.4 |           33.8 |              0 |          181 |        1005216 |
+-------------+----------+--------------+----------------+----------------+--------------+----------------+
| METABAT__21 | BACTERIA |            1 |          92.96 |              0 |          107 |        1965756 |
+-------------+----------+--------------+----------------+----------------+--------------+----------------+
| METABAT__25 | BACTERIA |          0.8 |          69.01 |              0 |          188 |         894998 |
+-------------+----------+--------------+----------------+----------------+--------------+----------------+
| METABAT__11 | BACTERIA |          0.3 |          35.21 |           5.63 |          159 |         584316 |
+-------------+----------+--------------+----------------+----------------+--------------+----------------+
| METABAT__30 | BACTERIA |          0.5 |          54.93 |              0 |          361 |        1768701 |
+-------------+----------+--------------+----------------+----------------+--------------+----------------+
| METABAT__13 | BACTERIA |            1 |          95.77 |           5.63 |          202 |        2445326 |
+-------------+----------+--------------+----------------+----------------+--------------+----------------+
| METABAT__17 | ARCHAEA  |            1 |          98.68 |           2.63 |          262 |        1818443 |
+-------------+----------+--------------+----------------+----------------+--------------+----------------+
| METABAT__15 | BACTERIA |          0.6 |          59.15 |              0 |          212 |         854903 |
+-------------+----------+--------------+----------------+----------------+--------------+----------------+
| METABAT__3  | BACTERIA |          0.4 |          36.62 |              0 |          251 |        1066417 |
+-------------+----------+--------------+----------------+----------------+--------------+----------------+
| METABAT__22 | BACTERIA |            1 |          94.37 |              0 |          128 |        2503370 |
+-------------+----------+--------------+----------------+----------------+--------------+----------------+
| METABAT__9  | BACTERIA |          0.8 |          76.06 |           9.86 |          137 |         747305 |
+-------------+----------+--------------+----------------+----------------+--------------+----------------+
| METABAT__31 | BACTERIA |          0.9 |           83.1 |              0 |          318 |        2087981 |
+-------------+----------+--------------+----------------+----------------+--------------+----------------+
| METABAT__4  | BACTERIA |          0.4 |          43.66 |              0 |          224 |         806092 |
+-------------+----------+--------------+----------------+----------------+--------------+----------------+

Slurm Job Summary
*****************
- General information:
    date = Mi 22. Jan 16:24:01 CET 2025
    hostname = n106
- Job information:
    JobId = 9481644
    JobName = magq
    UserId = sunam230(745867)
    Account = sunam230
    QOS = normal
    NodeList = n106
    Features = (null)
    Command = /work_beegfs/sunam230/metagenomics/anvio1.sh
    WorkDir = /work_beegfs/sunam230/metagenomics
    StdOut = /work_beegfs/sunam230/metagenomics/magq.out
    StdErr = /work_beegfs/sunam230/metagenomics/magq.err
- Requested resources:
    Timelimit = 05:00:00 ( 18000s )
    MinMemoryNode = 25G ( 25600.000M )
    NumNodes = 1
    NumCPUs = 12
    NumTasks = 1
    CPUs/Task = 12
- Used resources:
    RunTime = 00:00:08 ( 8s )
    MaxRSS = 1388K ( 1.355M )
====================
- Important conclusions and remarks:
    * !!! Please, always check if the number of requested cores and nodes matches the need of your program/code !!!
    * !!! Less than 10% of requested walltime used !!! Consider adaptation of your batch script.
    * !!! Less than 10% of requested main memory used !!! Consider adaptation of your batch script.

