+-------------+----------+--------------+----------------+----------------+--------------+----------------+
| bin name    | domain   |   confidence |   % completion |   % redundancy |   num_splits |   total length |
+=============+==========+==============+================+================+==============+================+
| MAXBIN__038 | BACTERIA |          0.7 |          61.97 |          35.21 |          477 |        1693042 |
+-------------+----------+--------------+----------------+----------------+--------------+----------------+
| MAXBIN__046 | BACTERIA |          0.5 |          57.75 |          19.72 |         1053 |        2299072 |
+-------------+----------+--------------+----------------+----------------+--------------+----------------+
| MAXBIN__055 | BACTERIA |          0.3 |          30.99 |          14.08 |         1056 |        1663166 |
+-------------+----------+--------------+----------------+----------------+--------------+----------------+
| MAXBIN__004 | BACTERIA |            1 |          97.18 |          54.93 |          179 |        2563465 |
+-------------+----------+--------------+----------------+----------------+--------------+----------------+
| MAXBIN__056 | BACTERIA |            1 |          95.77 |          42.25 |         1360 |        3332751 |
+-------------+----------+--------------+----------------+----------------+--------------+----------------+
| MAXBIN__031 | BACTERIA |          0.3 |          29.58 |           9.86 |         1190 |        2055167 |
+-------------+----------+--------------+----------------+----------------+--------------+----------------+
| MAXBIN__014 | BACTERIA |            1 |            100 |          21.13 |          719 |        2624835 |
+-------------+----------+--------------+----------------+----------------+--------------+----------------+
| MAXBIN__044 | BACTERIA |          0.7 |          73.24 |          52.11 |         1861 |        2924478 |
+-------------+----------+--------------+----------------+----------------+--------------+----------------+
| MAXBIN__022 | BACTERIA |          0.8 |          90.14 |          30.99 |          707 |        2703839 |
+-------------+----------+--------------+----------------+----------------+--------------+----------------+
| MAXBIN__061 | BACTERIA |            1 |          95.77 |          52.11 |         1010 |        4013643 |
+-------------+----------+--------------+----------------+----------------+--------------+----------------+
| MAXBIN__020 | BLANK    |          0.5 |              0 |              0 |         1030 |        1922253 |
+-------------+----------+--------------+----------------+----------------+--------------+----------------+
| MAXBIN__029 | BACTERIA |          0.9 |          84.51 |          23.94 |         1010 |        2246769 |
+-------------+----------+--------------+----------------+----------------+--------------+----------------+
| MAXBIN__028 | BACTERIA |          0.6 |          53.52 |          30.99 |          185 |         530862 |
+-------------+----------+--------------+----------------+----------------+--------------+----------------+
| MAXBIN__012 | BACTERIA |          0.9 |          90.14 |           2.82 |          565 |        2266817 |
+-------------+----------+--------------+----------------+----------------+--------------+----------------+
| MAXBIN__042 | BLANK    |          0.8 |              0 |              0 |          212 |         679321 |
+-------------+----------+--------------+----------------+----------------+--------------+----------------+
| MAXBIN__025 | BACTERIA |          0.8 |           66.2 |          63.38 |          895 |        1611315 |
+-------------+----------+--------------+----------------+----------------+--------------+----------------+
| MAXBIN__053 | BACTERIA |          0.4 |          45.07 |           8.45 |          777 |        1247275 |
+-------------+----------+--------------+----------------+----------------+--------------+----------------+
| MAXBIN__041 | BACTERIA |          0.9 |          80.28 |           2.82 |          431 |        1305060 |
+-------------+----------+--------------+----------------+----------------+--------------+----------------+
| MAXBIN__043 | BACTERIA |          0.5 |           49.3 |          22.54 |         1357 |        2209697 |
+-------------+----------+--------------+----------------+----------------+--------------+----------------+
| MAXBIN__034 | BACTERIA |          0.3 |           33.8 |           4.23 |           62 |         499499 |
+-------------+----------+--------------+----------------+----------------+--------------+----------------+
| MAXBIN__003 | BACTERIA |          0.5 |          56.34 |           1.41 |          125 |        2158736 |
+-------------+----------+--------------+----------------+----------------+--------------+----------------+
| MAXBIN__049 | BACTERIA |          0.8 |          70.42 |          42.25 |         1498 |        2245072 |
+-------------+----------+--------------+----------------+----------------+--------------+----------------+
| MAXBIN__007 | BACTERIA |            1 |          91.55 |              0 |          141 |        1960941 |
+-------------+----------+--------------+----------------+----------------+--------------+----------------+
| MAXBIN__052 | BACTERIA |          0.8 |          73.24 |          30.99 |          381 |         949959 |
+-------------+----------+--------------+----------------+----------------+--------------+----------------+
| MAXBIN__047 | BACTERIA |          0.9 |          80.28 |          19.72 |          829 |        2923397 |
+-------------+----------+--------------+----------------+----------------+--------------+----------------+
| MAXBIN__045 | BACTERIA |          0.9 |          88.73 |          95.77 |         1561 |        3109134 |
+-------------+----------+--------------+----------------+----------------+--------------+----------------+
| MAXBIN__001 | BLANK    |            1 |              0 |              0 |          352 |         773765 |
+-------------+----------+--------------+----------------+----------------+--------------+----------------+
| MAXBIN__051 | BACTERIA |          0.2 |          28.17 |          15.49 |         1463 |        2262620 |
+-------------+----------+--------------+----------------+----------------+--------------+----------------+
| MAXBIN__048 | BACTERIA |          0.4 |          36.62 |          15.49 |         1689 |        2989730 |
+-------------+----------+--------------+----------------+----------------+--------------+----------------+
| MAXBIN__013 | BACTERIA |          0.9 |          91.55 |           16.9 |          715 |        2846378 |
+-------------+----------+--------------+----------------+----------------+--------------+----------------+
| MAXBIN__039 | BACTERIA |          0.6 |          54.93 |          11.27 |          862 |        1414002 |
+-------------+----------+--------------+----------------+----------------+--------------+----------------+
| MAXBIN__021 | BACTERIA |          0.8 |           83.1 |          36.62 |          521 |        2052642 |
+-------------+----------+--------------+----------------+----------------+--------------+----------------+
| MAXBIN__062 | BACTERIA |          0.9 |          74.65 |           33.8 |          939 |        1638642 |
+-------------+----------+--------------+----------------+----------------+--------------+----------------+
| MAXBIN__019 | BACTERIA |          0.9 |          87.32 |           4.23 |          482 |        1750264 |
+-------------+----------+--------------+----------------+----------------+--------------+----------------+
| MAXBIN__011 | ARCHAEA  |          0.8 |          94.74 |          73.68 |          922 |        3144170 |
+-------------+----------+--------------+----------------+----------------+--------------+----------------+
| MAXBIN__010 | BACTERIA |            1 |          94.37 |              0 |          183 |        2588887 |
+-------------+----------+--------------+----------------+----------------+--------------+----------------+
| MAXBIN__037 | BACTERIA |          0.9 |          88.73 |           2.82 |          316 |        1599260 |
+-------------+----------+--------------+----------------+----------------+--------------+----------------+
| MAXBIN__027 | BACTERIA |          0.6 |          69.01 |          14.08 |          915 |        2942455 |
+-------------+----------+--------------+----------------+----------------+--------------+----------------+
| MAXBIN__008 | BLANK    |          0.8 |              0 |              0 |          747 |        1697369 |
+-------------+----------+--------------+----------------+----------------+--------------+----------------+
| MAXBIN__036 | BACTERIA |          0.6 |          63.38 |          25.35 |          911 |        1649115 |
+-------------+----------+--------------+----------------+----------------+--------------+----------------+
| MAXBIN__005 | BACTERIA |          0.9 |          85.92 |              0 |          318 |         911920 |
+-------------+----------+--------------+----------------+----------------+--------------+----------------+
| MAXBIN__032 | BACTERIA |          0.2 |          28.17 |           8.45 |         1357 |        2841647 |
+-------------+----------+--------------+----------------+----------------+--------------+----------------+
| MAXBIN__054 | BACTERIA |          0.6 |           83.1 |          26.76 |         1444 |        3468353 |
+-------------+----------+--------------+----------------+----------------+--------------+----------------+
| MAXBIN__002 | BACTERIA |            1 |          91.55 |           1.41 |          205 |        2391242 |
+-------------+----------+--------------+----------------+----------------+--------------+----------------+
| MAXBIN__030 | BACTERIA |          0.4 |          69.01 |          29.58 |         1186 |        1958709 |
+-------------+----------+--------------+----------------+----------------+--------------+----------------+
| MAXBIN__040 | BACTERIA |          0.4 |          36.62 |          11.27 |          916 |        1599077 |
+-------------+----------+--------------+----------------+----------------+--------------+----------------+
| MAXBIN__023 | BACTERIA |          0.8 |           83.1 |          11.27 |         1248 |        3097270 |
+-------------+----------+--------------+----------------+----------------+--------------+----------------+
| MAXBIN__063 | BACTERIA |          0.3 |          35.21 |              0 |          213 |         347710 |
+-------------+----------+--------------+----------------+----------------+--------------+----------------+
| MAXBIN__057 | BACTERIA |          0.5 |          53.52 |          35.21 |         1588 |        3888252 |
+-------------+----------+--------------+----------------+----------------+--------------+----------------+
| MAXBIN__024 | BACTERIA |          0.7 |          64.79 |          19.72 |          775 |        1479832 |
+-------------+----------+--------------+----------------+----------------+--------------+----------------+
| MAXBIN__026 | BACTERIA |            1 |          87.32 |           4.23 |          176 |        1025557 |
+-------------+----------+--------------+----------------+----------------+--------------+----------------+
| MAXBIN__035 | BACTERIA |          0.5 |           49.3 |          11.27 |          132 |         634195 |
+-------------+----------+--------------+----------------+----------------+--------------+----------------+
| MAXBIN__018 | BACTERIA |          0.9 |          88.73 |           7.04 |          775 |        2126407 |
+-------------+----------+--------------+----------------+----------------+--------------+----------------+
| MAXBIN__017 | BACTERIA |            1 |          90.14 |          15.49 |          489 |        1949846 |
+-------------+----------+--------------+----------------+----------------+--------------+----------------+
| MAXBIN__033 | BACTERIA |          0.9 |          85.92 |          59.15 |         1976 |        4183148 |
+-------------+----------+--------------+----------------+----------------+--------------+----------------+
| MAXBIN__059 | BACTERIA |          0.2 |          28.17 |          11.27 |          390 |         659197 |
+-------------+----------+--------------+----------------+----------------+--------------+----------------+
| MAXBIN__009 | BACTERIA |          0.5 |          47.89 |              0 |          567 |         902182 |
+-------------+----------+--------------+----------------+----------------+--------------+----------------+
| MAXBIN__050 | BACTERIA |          0.9 |           83.1 |          63.38 |         1667 |        2954025 |
+-------------+----------+--------------+----------------+----------------+--------------+----------------+
| MAXBIN__060 | BACTERIA |          0.4 |          40.85 |          32.39 |         1000 |        1643057 |
+-------------+----------+--------------+----------------+----------------+--------------+----------------+
| MAXBIN__016 | BACTERIA |            1 |          90.14 |          15.49 |          569 |        2284223 |
+-------------+----------+--------------+----------------+----------------+--------------+----------------+
| MAXBIN__006 | BACTERIA |            1 |          92.96 |           4.23 |          339 |        2614818 |
+-------------+----------+--------------+----------------+----------------+--------------+----------------+
| MAXBIN__058 | BACTERIA |            1 |          92.96 |           16.9 |          641 |        2943283 |
+-------------+----------+--------------+----------------+----------------+--------------+----------------+
| MAXBIN__015 | BACTERIA |          0.9 |          84.51 |          45.07 |          698 |        3110551 |
+-------------+----------+--------------+----------------+----------------+--------------+----------------+

Slurm Job Summary
*****************
- General information:
    date = Mi 22. Jan 16:55:30 CET 2025
    hostname = n113
- Job information:
    JobId = 9481698
    JobName = magqmaxbin2
    UserId = sunam230(745867)
    Account = sunam230
    QOS = normal
    NodeList = n113
    Features = (null)
    Command = /work_beegfs/sunam230/metagenomics/anvio1.sh
    WorkDir = /work_beegfs/sunam230/metagenomics
    StdOut = /work_beegfs/sunam230/metagenomics/qmaxbin2.out
    StdErr = /work_beegfs/sunam230/metagenomics/qmamaxbin2.err
- Requested resources:
    Timelimit = 05:00:00 ( 18000s )
    MinMemoryNode = 25G ( 25600.000M )
    NumNodes = 1
    NumCPUs = 12
    NumTasks = 1
    CPUs/Task = 12
- Used resources:
    RunTime = 00:00:08 ( 8s )
    MaxRSS = 1388K ( 1.355M )
====================
- Important conclusions and remarks:
    * !!! Please, always check if the number of requested cores and nodes matches the need of your program/code !!!
    * !!! Less than 10% of requested walltime used !!! Consider adaptation of your batch script.
    * !!! Less than 10% of requested main memory used !!! Consider adaptation of your batch script.

